<?xml version="1.0" encoding="UTF-8"?>
<!-- Generated by org.testng.reporters.JUnitReportReporter -->
<testsuite skipped="0" hostname="DESKTOP-R0QK2O8" name="demo.AmazonHomePageTests" tests="1" failures="0" timestamp="23 Sep 2019 17:01:01 GMT" time="7.620" errors="0">
  <testcase name="verifySearchProduct" time="7.620" classname="demo.AmazonHomePageTests"/>
</testsuite> <!-- demo.AmazonHomePageTests -->
